
15:47:20.541 [info] Loading 42 CA(s) from :otp store

15:47:21.667 id=0 [debug] handled request client -> server initialize in 259ms

15:47:21.765 [debug] sent notification server -> client window/logMessage

15:47:21.773 [debug] NextLS v0.23.1 has initialized!

15:47:21.773 [debug] sent notification server -> client window/logMessage

15:47:21.773 [debug] Log file located at c:/Users/PC/hello/.elixir-tools/next-ls.log

15:47:21.778 id=40 [debug] sent request server -> client client/registerCapability

15:47:21.778 [debug] sent notification server -> client window/logMessage

15:47:21.778 [info] [extension] Credo initializing with options %NextLS.InitOpts.Extensions.Credo{enable: true, cli_options: []}

15:47:46.944 [debug] sent notification server -> client window/logMessage

15:47:46.944 [debug] Booting runtimes...

15:47:46.955 id=3 [debug] sent request server -> client window/workDoneProgress/create

15:47:46.962 [debug] sent notification server -> client $/progress

15:47:46.987 [debug] sent notification server -> client window/logMessage

15:47:46.987 [info] Beginning DB migration...

15:47:47.235 [debug] sent notification server -> client window/logMessage

15:47:47.235 [info] Database is being upgraded from version 0 to 7.

This will trigger a full recompilation in order to re-index your codebase.


15:47:47.302 [debug] sent notification server -> client window/logMessage

15:47:47.302 [info] Finished DB migration...

15:47:47.321 [error] ** (MatchError) no match of right hand side value: {:error, {:shutdown, {:failed_to_start_child, NextLS.Runtime, {:badarg, [{NextLS.Runtime, :init, 1, [file: ~c"lib/next_ls/runtime.ex", line: 135, error_info: %{cause: {1, :binary, :type, nil}, function: :format_bs_fail, module: :erl_erts_errors}]}, {:gen_server, :init_it, 2, [file: ~c"gen_server.erl", line: 2057]}, {:gen_server, :init_it, 6, [file: ~c"gen_server.erl", line: 2012]}, {:proc_lib, :init_p_do_apply, 3, [file: ~c"proc_lib.erl", line: 329]}]}}}}
    (next_ls 0.23.1) lib/next_ls.ex:899: anonymous fn/5 in NextLS.handle_notification/2
    (elixir 1.17.1) lib/enum.ex:2531: Enum."-reduce/3-lists^foldl/2-0-"/3
    (next_ls 0.23.1) lib/next_ls.ex:894: NextLS.handle_notification/2
    (gen_lsp 0.10.0) lib/gen_lsp.ex:478: anonymous fn/2 in GenLSP.loop/3
    (telemetry 1.2.1) /home/mitchell/src/next-ls/deps/telemetry/src/telemetry.erl:321: :telemetry.span/3
    (gen_lsp 0.10.0) lib/gen_lsp.ex:474: anonymous fn/7 in GenLSP.loop/3
    (gen_lsp 0.10.0) lib/gen_lsp.ex:553: GenLSP.attempt/4
    (stdlib 6.0) proc_lib.erl:329: :proc_lib.init_p_do_apply/3


15:47:47.321 [debug] sent notification server -> client window/logMessage

15:47:47.329 [debug] handled notification client -> server textDocument/didOpen in 7ms

15:47:47.329 [debug] handled notification client -> server textDocument/didOpen in 205µs

15:47:47.330 [debug] handled notification client -> server textDocument/didOpen in 307µs

15:47:47.331 [debug] handled notification client -> server textDocument/didOpen in 1ms

15:47:47.351 id=1 [debug] handled request client -> server textDocument/documentSymbol in 19ms

15:47:47.412 id=2 [debug] handled request client -> server textDocument/codeAction in 61ms

15:47:47.412 id=3 [debug] handled request client -> server textDocument/documentSymbol in 103µs

15:47:47.416 [debug] handled notification client -> server $/cancelRequest in 3ms

15:47:47.416 [debug] handled notification client -> server $/cancelRequest in 102µs

15:47:47.416 [debug] handled notification client -> server $/cancelRequest in 0µs

15:47:47.416 [debug] handled notification client -> server textDocument/didOpen in 307µs

15:47:47.416 id=4 [debug] handled request client -> server textDocument/codeAction in 102µs

15:47:47.434 id=5 [debug] handled request client -> server textDocument/documentSymbol in 17ms

15:47:47.434 [debug] handled notification client -> server $/cancelRequest in 0µs

15:47:47.435 id=6 [debug] handled request client -> server textDocument/documentSymbol in 1ms

15:47:47.436 id=7 [debug] handled request client -> server textDocument/documentSymbol in 1ms

15:47:48.453 id=8 [debug] handled request client -> server textDocument/hover in 1016ms

15:47:48.453 [debug] handled notification client -> server $/cancelRequest in 102µs

15:47:48.453 [debug] handled notification client -> server $/cancelRequest in 0µs

15:47:48.453 [debug] handled notification client -> server $/cancelRequest in 102µs

15:47:48.453 [debug] handled notification client -> server $/cancelRequest in 0µs

15:47:48.454 id=9 [debug] handled request client -> server textDocument/documentSymbol in 820µs

15:47:48.454 id=10 [debug] handled request client -> server textDocument/codeAction in 409µs

15:47:48.456 id=11 [debug] handled request client -> server textDocument/documentSymbol in 1ms

15:47:48.463 [debug] handled notification client -> server workspace/didChangeWatchedFiles in 7ms

15:47:48.463 [debug] handled notification client -> server $/cancelRequest in 0µs

15:47:48.463 [debug] handled notification client -> server $/cancelRequest in 0µs

15:47:48.463 [debug] handled notification client -> server $/cancelRequest in 0µs

15:47:48.465 [debug] handled notification client -> server textDocument/didOpen in 1ms

15:47:48.466 id=12 [debug] handled request client -> server textDocument/codeAction in 409µs

15:47:48.474 id=13 [debug] handled request client -> server textDocument/documentSymbol in 8ms

15:47:48.474 [debug] handled notification client -> server $/cancelRequest in 103µs

15:47:48.480 id=14 [debug] handled request client -> server textDocument/documentSymbol in 5ms

15:47:48.489 id=15 [debug] handled request client -> server textDocument/documentSymbol in 8ms

15:47:56.674 [debug] handled notification client -> server textDocument/didOpen in 205µs

15:47:56.684 id=16 [debug] handled request client -> server textDocument/codeAction in 307µs

15:47:56.685 id=17 [debug] handled request client -> server textDocument/documentSymbol in 410µs

15:47:56.983 id=18 [debug] handled request client -> server textDocument/documentSymbol in 410µs

15:48:47.713 [debug] handled notification client -> server textDocument/didClose in 4ms

15:48:49.295 [debug] handled notification client -> server textDocument/didClose in 103µs

15:48:50.605 [debug] handled notification client -> server textDocument/didClose in 102µs

15:48:52.247 [debug] handled notification client -> server textDocument/didClose in 103µs

15:48:52.257 id=19 [debug] handled request client -> server textDocument/codeAction in 410µs

15:48:52.257 id=20 [debug] handled request client -> server textDocument/documentSymbol in 103µs

15:48:52.511 id=21 [debug] handled request client -> server textDocument/codeAction in 409µs

15:48:52.555 id=22 [debug] handled request client -> server textDocument/documentSymbol in 205µs

15:48:53.745 [debug] handled notification client -> server textDocument/didClose in 103µs

15:48:53.755 id=23 [debug] handled request client -> server textDocument/codeAction in 308µs

15:48:53.758 id=24 [debug] handled request client -> server textDocument/documentSymbol in 3ms

15:48:54.067 id=25 [debug] handled request client -> server textDocument/documentSymbol in 2ms

15:48:55.240 [debug] handled notification client -> server workspace/didChangeWatchedFiles in 1ms

15:48:55.367 [debug] handled notification client -> server textDocument/didClose in 0µs

15:48:55.375 id=26 [debug] handled request client -> server textDocument/codeAction in 205µs

15:48:55.375 id=27 [debug] handled request client -> server textDocument/documentSymbol in 410µs

15:48:55.661 id=28 [debug] handled request client -> server textDocument/codeAction in 512µs

15:48:55.675 id=29 [debug] handled request client -> server textDocument/documentSymbol in 922µs

15:48:55.923 [debug] handled notification client -> server workspace/didChangeWatchedFiles in 2ms

15:48:56.525 [debug] handled notification client -> server workspace/didChangeWatchedFiles in 1ms

15:48:58.045 id=30 [debug] handled request client -> server textDocument/hover in 1009ms

15:48:58.045 [debug] handled notification client -> server $/cancelRequest in 102µs

15:48:58.185 [debug] handled notification client -> server workspace/didChangeWatchedFiles in 614µs

15:48:58.714 [debug] handled notification client -> server workspace/didChangeWatchedFiles in 1ms

15:48:59.388 [debug] handled notification client -> server workspace/didChangeWatchedFiles in 2ms

15:49:00.261 [debug] handled notification client -> server workspace/didChangeWatchedFiles in 3ms
